2026-01-07 23:01:59 INFO  Utils:112 - [TestNG] Running:
  C:\Automation\myworkspaces\Seleniumwebdriver\OpencarV121\master.xml

2026-01-07 23:02:04 INFO  TC_002_LoginTest:17 - *****Starting TC_002_LoginTest *****
2026-01-07 23:02:05 INFO  TC_002_LoginTest:25 - clicked on myaccount link on the home page..
2026-01-07 23:02:05 INFO  TC_002_LoginTest:27 - clicked on login link under myaccount..
2026-01-07 23:02:05 INFO  TC_002_LoginTest:32 - Entering valid email and password..
2026-01-07 23:18:17 INFO  Utils:112 - [TestNG] Running:
  C:\Automation\myworkspaces\Seleniumwebdriver\OpencarV121\master.xml

2026-01-07 23:18:19 INFO  TC_002_LoginTest:17 - *****Starting TC_002_LoginTest *****
2026-01-07 23:18:19 INFO  TC_002_LoginTest:25 - clicked on myaccount link on the home page..
2026-01-07 23:18:20 INFO  TC_002_LoginTest:27 - clicked on login link under myaccount..
2026-01-07 23:18:20 INFO  TC_002_LoginTest:32 - Entering valid email and password..
2026-01-07 23:18:36 INFO  TC_002_LoginTest:17 - *****Starting TC_002_LoginTest *****
2026-01-07 23:18:37 INFO  TC_002_LoginTest:25 - clicked on myaccount link on the home page..
2026-01-07 23:18:37 INFO  TC_002_LoginTest:27 - clicked on login link under myaccount..
2026-01-07 23:18:37 INFO  TC_002_LoginTest:32 - Entering valid email and password..
2026-01-07 23:23:01 INFO  TC_002_LoginTest:17 - *****Starting TC_002_LoginTest *****
2026-01-07 23:23:01 INFO  TC_002_LoginTest:25 - clicked on myaccount link on the home page..
2026-01-07 23:23:01 INFO  TC_002_LoginTest:27 - clicked on login link under myaccount..
2026-01-07 23:23:01 INFO  TC_002_LoginTest:32 - Entering valid email and password..
2026-01-07 23:23:01 INFO  TC_002_LoginTest:37 - clicked on ligin button..
2026-01-07 23:23:03 INFO  TC_002_LoginTest:52 - **** Finished TC_002_LoginTest  ****
2026-01-07 23:38:09 INFO  TC_002_LoginTest:17 - *****Starting TC_002_LoginTest *****
2026-01-07 23:38:09 INFO  TC_002_LoginTest:25 - clicked on myaccount link on the home page..
2026-01-07 23:38:09 INFO  TC_002_LoginTest:27 - clicked on login link under myaccount..
2026-01-07 23:38:09 INFO  TC_002_LoginTest:32 - Entering valid email and password..
2026-01-07 23:38:10 INFO  TC_002_LoginTest:37 - clicked on ligin button..
2026-01-07 23:38:11 INFO  TC_002_LoginTest:52 - **** Finished TC_002_LoginTest  ****
2026-01-07 23:42:01 INFO  TC_002_LoginTest:17 - *****Starting TC_002_LoginTest *****
2026-01-07 23:42:01 INFO  TC_002_LoginTest:25 - clicked on myaccount link on the home page..
2026-01-07 23:42:01 INFO  TC_002_LoginTest:27 - clicked on login link under myaccount..
2026-01-07 23:42:01 INFO  TC_002_LoginTest:32 - Entering valid email and password..
2026-01-07 23:42:02 INFO  TC_002_LoginTest:37 - clicked on ligin button..
2026-01-07 23:42:03 INFO  TC_002_LoginTest:52 - **** Finished TC_002_LoginTest  ****
